[0308/210912.530:INFO:CONSOLE(0)] "Error with Permissions-Policy header: Feature xr-spatial-tracking's parameters are ignored.", source:  (0)
[0308/210912.531:INFO:CONSOLE(0)] "Error with Permissions-Policy header: Unrecognized feature: 'ambient-light-sensor'.", source:  (0)
[0308/210912.531:INFO:CONSOLE(0)] "Error with Permissions-Policy header: Unrecognized feature: 'bluetooth'.", source:  (0)
[0308/210912.531:INFO:CONSOLE(0)] "Error with Permissions-Policy header: Unrecognized feature: 'gamepad'.", source:  (0)
[0308/210912.531:INFO:CONSOLE(0)] "Error with Permissions-Policy header: Unrecognized feature: 'local-fonts'.", source:  (0)
[0308/210912.531:INFO:CONSOLE(0)] "Error with Permissions-Policy header: Unrecognized feature: 'window-management'.", source:  (0)
[0308/210932.475:INFO:CONSOLE(2)] "Uncaught (in promise) Error: Comms::castStanza called before startComms", source: https://web.whatsapp.com/vendor1~app.264a01b6133c4a120327.js (2)
[0308/210932.478:INFO:CONSOLE(2)] "Uncaught (in promise) Error: Comms::castStanza called before startComms", source: https://web.whatsapp.com/ (2)
[0308/210932.479:INFO:CONSOLE(2)] "Uncaught (in promise) Error: Comms::castStanza called before startComms", source: https://web.whatsapp.com/ (2)
[0308/210932.479:INFO:CONSOLE(2)] "Uncaught (in promise) Error: Comms::deprecatedSendStanzaAndReturnAck called before startComms", source: https://web.whatsapp.com/vendor1~app.264a01b6133c4a120327.js (2)
[0308/210933.084:INFO:CONSOLE(2)] "Uncaught (in promise) Error: Comms::castStanza called before startComms", source: https://web.whatsapp.com/ (2)
[0308/210933.228:INFO:CONSOLE(216)] "Another connection wants to delete database 'wawc_db_enc'. Closing db now to resume the delete request.", source: https://web.whatsapp.com/app.febe97f47327a63e0d22.js (216)
[0308/210933.229:INFO:CONSOLE(215)] "Another connection wants to delete database 'wawc_db_enc'. Closing db now to resume the delete request.", source: https://web.whatsapp.com/WAWebWorker.b49cbf3740869c417a45.worker.js (215)
[0308/210934.309:INFO:CONSOLE(0)] "Error with Permissions-Policy header: Feature xr-spatial-tracking's parameters are ignored.", source:  (0)
[0308/210934.309:INFO:CONSOLE(0)] "Error with Permissions-Policy header: Unrecognized feature: 'ambient-light-sensor'.", source:  (0)
[0308/210934.309:INFO:CONSOLE(0)] "Error with Permissions-Policy header: Unrecognized feature: 'bluetooth'.", source:  (0)
[0308/210934.309:INFO:CONSOLE(0)] "Error with Permissions-Policy header: Unrecognized feature: 'gamepad'.", source:  (0)
[0308/210934.309:INFO:CONSOLE(0)] "Error with Permissions-Policy header: Unrecognized feature: 'local-fonts'.", source:  (0)
[0308/210934.309:INFO:CONSOLE(0)] "Error with Permissions-Policy header: Unrecognized feature: 'window-management'.", source:  (0)
[0308/210934.908:INFO:CONSOLE(215)] "Another connection wants to delete database 'wawc'. Closing db now to resume the delete request.", source: https://web.whatsapp.com/serviceworker.js (215)
[0308/210934.909:INFO:CONSOLE(215)] "Another connection wants to delete database 'wawc'. Closing db now to resume the delete request.", source: https://web.whatsapp.com/serviceworker.js (215)
[0308/210935.488:INFO:CONSOLE(0)] "Error with Permissions-Policy header: Feature xr-spatial-tracking's parameters are ignored.", source:  (0)
[0308/210935.488:INFO:CONSOLE(0)] "Error with Permissions-Policy header: Unrecognized feature: 'ambient-light-sensor'.", source:  (0)
[0308/210935.488:INFO:CONSOLE(0)] "Error with Permissions-Policy header: Unrecognized feature: 'bluetooth'.", source:  (0)
[0308/210935.488:INFO:CONSOLE(0)] "Error with Permissions-Policy header: Unrecognized feature: 'gamepad'.", source:  (0)
[0308/210935.488:INFO:CONSOLE(0)] "Error with Permissions-Policy header: Unrecognized feature: 'local-fonts'.", source:  (0)
[0308/210935.488:INFO:CONSOLE(0)] "Error with Permissions-Policy header: Unrecognized feature: 'window-management'.", source:  (0)
